Determining if the pthread_create exist failed with the following output:
Change Dir: /home/lc/test_ws/build/CMakeFiles/CMakeTmp

Run Build Command:"/usr/bin/make" "cmTC_f98de/fast"
/usr/bin/make -f CMakeFiles/cmTC_f98de.dir/build.make CMakeFiles/cmTC_f98de.dir/build
make[1]: Entering directory '/home/lc/test_ws/build/CMakeFiles/CMakeTmp'
Building C object CMakeFiles/cmTC_f98de.dir/CheckSymbolExists.c.o
/usr/bin/cc     -o CMakeFiles/cmTC_f98de.dir/CheckSymbolExists.c.o   -c /home/lc/test_ws/build/CMakeFiles/CMakeTmp/CheckSymbolExists.c
Linking C executable cmTC_f98de
/usr/bin/cmake -E cmake_link_script CMakeFiles/cmTC_f98de.dir/link.txt --verbose=1
/usr/bin/cc       CMakeFiles/cmTC_f98de.dir/CheckSymbolExists.c.o  -o cmTC_f98de -rdynamic 
CMakeFiles/cmTC_f98de.dir/CheckSymbolExists.c.o：在函数‘main’中：
CheckSymbolExists.c:(.text+0x16)：对‘pthread_create’未定义的引用
collect2: error: ld returned 1 exit status
CMakeFiles/cmTC_f98de.dir/build.make:97: recipe for target 'cmTC_f98de' failed
make[1]: *** [cmTC_f98de] Error 1
make[1]: Leaving directory '/home/lc/test_ws/build/CMakeFiles/CMakeTmp'
Makefile:126: recipe for target 'cmTC_f98de/fast' failed
make: *** [cmTC_f98de/fast] Error 2

File /home/lc/test_ws/build/CMakeFiles/CMakeTmp/CheckSymbolExists.c:
/* */
#include <pthread.h>

int main(int argc, char** argv)
{
  (void)argv;
#ifndef pthread_create
  return ((int*)(&pthread_create))[argc];
#else
  (void)argc;
  return 0;
#endif
}

Determining if the function pthread_create exists in the pthreads failed with the following output:
Change Dir: /home/lc/test_ws/build/CMakeFiles/CMakeTmp

Run Build Command:"/usr/bin/make" "cmTC_46bcb/fast"
/usr/bin/make -f CMakeFiles/cmTC_46bcb.dir/build.make CMakeFiles/cmTC_46bcb.dir/build
make[1]: Entering directory '/home/lc/test_ws/build/CMakeFiles/CMakeTmp'
Building C object CMakeFiles/cmTC_46bcb.dir/CheckFunctionExists.c.o
/usr/bin/cc    -DCHECK_FUNCTION_EXISTS=pthread_create   -o CMakeFiles/cmTC_46bcb.dir/CheckFunctionExists.c.o   -c /usr/share/cmake-3.5/Modules/CheckFunctionExists.c
Linking C executable cmTC_46bcb
/usr/bin/cmake -E cmake_link_script CMakeFiles/cmTC_46bcb.dir/link.txt --verbose=1
/usr/bin/cc   -DCHECK_FUNCTION_EXISTS=pthread_create    CMakeFiles/cmTC_46bcb.dir/CheckFunctionExists.c.o  -o cmTC_46bcb -rdynamic -lpthreads 
/usr/bin/ld: 找不到 -lpthreads
collect2: error: ld returned 1 exit status
CMakeFiles/cmTC_46bcb.dir/build.make:97: recipe for target 'cmTC_46bcb' failed
make[1]: *** [cmTC_46bcb] Error 1
make[1]: Leaving directory '/home/lc/test_ws/build/CMakeFiles/CMakeTmp'
Makefile:126: recipe for target 'cmTC_46bcb/fast' failed
make: *** [cmTC_46bcb/fast] Error 2


